       energy      n    l         spin
   -25.20533375   01   00          0.500
   -21.95953496   01   01          0.500
   -21.50901504   01   01         -0.500
   -17.91620612   01   02          0.500
   -16.85817324   01   02         -0.500
   -15.24254665   02   00          0.500
   -13.23868103   01   03          0.500
   -11.31907769   01   03         -0.500
   -10.84111542   01   05         -0.500
   -10.32802425   02   03          0.500
    -9.53364983   02   01          0.500
    -8.75728242   02   01         -0.500
    -8.17563467   03   01          0.500
    -8.03461149   01   04          0.500
    -8.02803002   02   03         -0.500
    -7.27313168   03   01         -0.500
    -5.01066089   01   04         -0.500
    -3.73411581   02   04          0.500
    -3.59543219   02   02          0.500
    -2.38544278   01   05          0.500
    -2.07722545   02   02         -0.500
    -1.85714483   03   02          0.500
    -1.73637971   03   00          0.500
    -1.24301553   04   00          0.500
    -0.70531443   02   04         -0.500
    -0.62345341   03   02         -0.500
     0.00000000   00   00          0.000
     0.00000000   00   00          0.000
     0.00000000   00   00          0.000
     0.00000000   00   00          0.000
     0.00000000   00   00          0.000
     0.00000000   00   00          0.000
     0.00000000   00   00          0.000
     0.00000000   00   00          0.000
     0.00000000   00   00          0.000
     0.00000000   00   00          0.000
     0.00000000   00   00          0.000
     0.00000000   00   00          0.000
     0.00000000   00   00          0.000
     0.00000000   00   00          0.000
     0.00000000   00   00          0.000
     0.00000000   00   00          0.000
     0.00000000   00   00          0.000
     0.00000000   00   00          0.000
     0.00000000   00   00          0.000
     0.00000000   00   00          0.000
     0.00000000   00   00          0.000
     0.00000000   00   00          0.000
     0.00000000   00   00          0.000
     0.00000000   00   00          0.000
     0.00000000   00   00          0.000
     0.00000000   00   00          0.000
     0.00000000   00   00          0.000
     0.00000000   00   00          0.000
     0.00000000   00   00          0.000
