       energy      n    l         spin
   -39.95550256   01   00          0.500
   -36.11458071   01   01          0.500
   -35.74698117   01   01         -0.500
   -31.58752090   01   02          0.500
   -30.67780377   01   02         -0.500
   -29.46879323   02   00          0.500
   -26.48644780   01   03          0.500
   -24.77904763   01   03         -0.500
   -23.33467263   02   01          0.500
   -22.60321347   02   01         -0.500
   -20.89418249   01   04          0.500
   -18.13712955   01   04         -0.500
   -16.91608819   02   02          0.500
   -15.45182215   02   02         -0.500
   -15.16139456   03   00          0.500
   -14.87637393   01   05          0.500
   -10.84111545   01   05         -0.500
   -10.32802438   02   03          0.500
    -8.48947590   01   06          0.500
    -8.17563670   03   01          0.500
    -8.02803070   02   03         -0.500
    -7.27313578   03   01         -0.500
    -3.73413568   02   04          0.500
    -3.00115035   01   06         -0.500
    -1.85844821   03   02          0.500
    -1.78982207   02   07          0.500
    -1.25206695   04   00          0.500
    -0.70587938   02   04         -0.500
    -0.63223469   03   02         -0.500
